#
# An unexpected error has been detected by Java Runtime Environment:
#
# java.lang.OutOfMemoryError: requested 41943040 bytes for GrET in C:\BUILD_AREA\jdk6\hotspot\src\share\vm\utilities\growableArray.cpp. Out of swap space?
#
#  Internal Error (414C4C4F434154494F4E0E494E4C494E450E4850500017), pid=8104, tid=3772
#
# Java VM: Java HotSpot(TM) Client VM (1.6.0-b105 mixed mode)
# If you would like to submit a bug report, please visit:
#   http://java.sun.com/webapps/bugreport/crash.jsp
#

---------------  T H R E A D  ---------------

Current thread (0x023ab000):  VMThread [id=3772]

Stack: [0x4a4c0000,0x4a510000)
[error occurred during error reporting, step 110, id 0xc0000005]

VM_Operation (0x6b97f11c): generation collection for allocation, mode: safepoint, requested by thread 0x5fa23800


---------------  P R O C E S S  ---------------

Java Threads: ( => current thread )
  0x5fb02000 JavaThread "DestroyJavaVM" [_thread_blocked, id=65984]
  0x5faff400 JavaThread "Thread-1000" [_thread_blocked, id=18096]
  0x5fafb000 JavaThread "Thread-999" [_thread_blocked, id=6600]
  0x5fafa400 JavaThread "Thread-998" [_thread_blocked, id=37972]
  0x5fafa000 JavaThread "Thread-997" [_thread_blocked, id=73700]
  0x5faf9800 JavaThread "Thread-996" [_thread_blocked, id=43728]
  0x5fafac00 JavaThread "Thread-995" [_thread_blocked, id=18116]
  0x5faf9400 JavaThread "Thread-994" [_thread_blocked, id=56324]
  0x5faf1400 JavaThread "Thread-993" [_thread_blocked, id=24844]
  0x5faf8c00 JavaThread "Thread-992" [_thread_blocked, id=624]
  0x5faf8800 JavaThread "Thread-991" [_thread_blocked, id=49016]
  0x5faf7000 JavaThread "Thread-990" [_thread_blocked, id=66972]
  0x5faf6c00 JavaThread "Thread-989" [_thread_blocked, id=7896]
  0x5faf8400 JavaThread "Thread-988" [_thread_blocked, id=51492]
  0x5faf7c00 JavaThread "Thread-987" [_thread_blocked, id=45812]
  0x5faf6400 JavaThread "Thread-986" [_thread_blocked, id=60260]
  0x5faf6000 JavaThread "Thread-985" [_thread_blocked, id=22500]
  0x5faf3c00 JavaThread "Thread-984" [_thread_blocked, id=22888]
  0x5faf5800 JavaThread "Thread-983" [_thread_blocked, id=71048]
  0x5faf3000 JavaThread "Thread-982" [_thread_blocked, id=29016]
  0x5faf5000 JavaThread "Thread-981" [_thread_blocked, id=46868]
  0x5faf3800 JavaThread "Thread-980" [_thread_blocked, id=63060]
  0x5faf1c00 JavaThread "Thread-979" [_thread_blocked, id=28432]
  0x5faefc00 JavaThread "Thread-978" [_thread_blocked, id=5996]
  0x5faf0800 JavaThread "Thread-977" [_thread_blocked, id=22384]
  0x5faf5400 JavaThread "Thread-976" [_thread_blocked, id=14476]
  0x5faf4800 JavaThread "Thread-975" [_thread_blocked, id=50184]
  0x5faf2400 JavaThread "Thread-974" [_thread_blocked, id=68764]
  0x5faf0400 JavaThread "Thread-973" [_thread_blocked, id=33596]
  0x5faf2000 JavaThread "Thread-972" [_thread_blocked, id=59004]
  0x5faf4400 JavaThread "Thread-971" [_thread_blocked, id=40444]
  0x5faf2c00 JavaThread "Thread-970" [_thread_blocked, id=9552]
  0x5faf7800 JavaThread "Thread-969" [_thread_blocked, id=25556]
  0x5faf1000 JavaThread "Thread-968" [_thread_blocked, id=56724]
  0x5faef800 JavaThread "Thread-967" [_thread_blocked, id=52808]
  0x5fae9400 JavaThread "Thread-966" [_thread_blocked, id=73636]
  0x5faef000 JavaThread "Thread-965" [_thread_blocked, id=63092]
  0x5faeec00 JavaThread "Thread-964" [_thread_blocked, id=59080]
  0x5fae6c00 JavaThread "Thread-963" [_thread_blocked, id=9600]
  0x5faee800 JavaThread "Thread-962" [_thread_blocked, id=33572]
  0x5faee000 JavaThread "Thread-961" [_thread_blocked, id=36852]
  0x5fae8400 JavaThread "Thread-960" [_thread_blocked, id=46112]
  0x5fae9000 JavaThread "Thread-959" [_thread_blocked, id=35620]
  0x5faed000 JavaThread "Thread-958" [_thread_blocked, id=7324]
  0x5faec800 JavaThread "Thread-957" [_thread_blocked, id=35844]
  0x5fae8000 JavaThread "Thread-956" [_thread_blocked, id=6436]
  0x5faedc00 JavaThread "Thread-955" [_thread_blocked, id=7104]
  0x5faec400 JavaThread "Thread-954" [_thread_blocked, id=39020]
  0x5fae6800 JavaThread "Thread-953" [_thread_blocked, id=74684]
  0x5fae7400 JavaThread "Thread-952" [_thread_blocked, id=48740]
  0x5faed400 JavaThread "Thread-951" [_thread_blocked, id=6388]
  0x5fae7800 JavaThread "Thread-950" [_thread_blocked, id=15588]
  0x5fae4400 JavaThread "Thread-949" [_thread_blocked, id=24248]
  0x5faebc00 JavaThread "Thread-948" [_thread_blocked, id=5944]
  0x5fae6000 JavaThread "Thread-947" [_thread_blocked, id=56112]
  0x5faeb400 JavaThread "Thread-946" [_thread_blocked, id=17636]
  0x5faea000 JavaThread "Thread-945" [_thread_blocked, id=73792]
  0x5fae8800 JavaThread "Thread-944" [_thread_blocked, id=44076]
  0x5faeac00 JavaThread "Thread-943" [_thread_blocked, id=34496]
  0x5fae5c00 JavaThread "Thread-942" [_thread_blocked, id=61032]
  0x5fae9c00 JavaThread "Thread-941" [_thread_blocked, id=52744]
  0x5faea800 JavaThread "Thread-940" [_thread_blocked, id=8244]
  0x5fae5400 JavaThread "Thread-939" [_thread_blocked, id=49600]
  0x5fae5000 JavaThread "Thread-938" [_thread_blocked, id=34656]
  0x5fae4c00 JavaThread "Thread-937" [_thread_blocked, id=56280]
  0x5faeb800 JavaThread "Thread-936" [_thread_blocked, id=35972]
  0x5fae4000 JavaThread "Thread-935" [_thread_blocked, id=9932]
  0x5fae3800 JavaThread "Thread-934" [_thread_blocked, id=18368]
  0x5fae3400 JavaThread "Thread-933" [_thread_blocked, id=40708]
  0x5fae2c00 JavaThread "Thread-932" [_thread_blocked, id=56700]
  0x5fae2800 JavaThread "Thread-931" [_thread_blocked, id=53948]
  0x5fae2000 JavaThread "Thread-930" [_thread_blocked, id=28540]
  0x5fae1800 JavaThread "Thread-929" [_thread_blocked, id=24292]
  0x5fae1c00 JavaThread "Thread-928" [_thread_blocked, id=70512]
  0x5fad9800 JavaThread "Thread-927" [_thread_blocked, id=11596]
  0x5fae1000 JavaThread "Thread-926" [_thread_blocked, id=48236]
  0x5fae0c00 JavaThread "Thread-925" [_thread_blocked, id=61000]
  0x5fad8c00 JavaThread "Thread-924" [_thread_blocked, id=38304]
  0x5fadec00 JavaThread "Thread-923" [_thread_blocked, id=41392]
  0x5fade800 JavaThread "Thread-922" [_thread_blocked, id=31924]
  0x5fade000 JavaThread "Thread-921" [_thread_blocked, id=72728]
  0x5fadb400 JavaThread "Thread-920" [_thread_blocked, id=9324]
  0x5fadac00 JavaThread "Thread-919" [_thread_blocked, id=19096]
  0x5fadc400 JavaThread "Thread-918" [_thread_blocked, id=19328]
  0x5fadc000 JavaThread "Thread-917" [_thread_blocked, id=27716]
  0x5fadd800 JavaThread "Thread-916" [_thread_blocked, id=22840]
  0x5fae0400 JavaThread "Thread-915" [_thread_blocked, id=46772]
  0x5fadd000 JavaThread "Thread-914" [_thread_blocked, id=28360]
  0x5fae0000 JavaThread "Thread-913" [_thread_blocked, id=11360]
  0x5fadcc00 JavaThread "Thread-912" [_thread_blocked, id=20472]
  0x5fadf800 JavaThread "Thread-911" [_thread_blocked, id=55716]
  0x5faddc00 JavaThread "Thread-910" [_thread_blocked, id=22808]
  0x5fad9c00 JavaThread "Thread-909" [_thread_blocked, id=48492]
  0x5fad9000 JavaThread "Thread-908" [_thread_blocked, id=34992]
  0x5fadf400 JavaThread "Thread-907" [_thread_blocked, id=26776]
  0x5fada800 JavaThread "Thread-906" [_thread_blocked, id=38004]
  0x5fada400 JavaThread "Thread-905" [_thread_blocked, id=13028]
  0x5fadb800 JavaThread "Thread-904" [_thread_blocked, id=44996]
  0x5fa30400 JavaThread "Thread-903" [_thread_blocked, id=26496]
  0x5fa2d400 JavaThread "Thread-902" [_thread_blocked, id=37692]
  0x5fa2d000 JavaThread "Thread-901" [_thread_blocked, id=26468]
  0x5fa2fc00 JavaThread "Thread-900" [_thread_blocked, id=26492]
  0x5fa2f800 JavaThread "Thread-899" [_thread_blocked, id=16980]
  0x5fa2ec00 JavaThread "Thread-898" [_thread_blocked, id=28128]
  0x5fa31400 JavaThread "Thread-897" [_thread_blocked, id=12996]
  0x5fa2e800 JavaThread "Thread-896" [_thread_blocked, id=20912]
  0x5fa33800 JavaThread "Thread-895" [_thread_blocked, id=26508]
  0x5fa31c00 JavaThread "Thread-894" [_thread_blocked, id=66900]
  0x5fa31000 JavaThread "Thread-893" [_thread_blocked, id=57196]
  0x5fa2e000 JavaThread "Thread-892" [_thread_blocked, id=50356]
  0x5fa30800 JavaThread "Thread-891" [_thread_blocked, id=58228]
  0x5fa33000 JavaThread "Thread-890" [_thread_blocked, id=59376]
  0x5fa2dc00 JavaThread "Thread-889" [_thread_blocked, id=73460]
  0x5fa32c00 JavaThread "Thread-888" [_thread_blocked, id=54068]
  0x5fa32800 JavaThread "Thread-887" [_thread_blocked, id=23236]
  0x5fa2f000 JavaThread "Thread-886" [_thread_blocked, id=31780]
  0x5fa32000 JavaThread "Thread-885" [_thread_blocked, id=66232]
  0x5fa2c800 JavaThread "Thread-884" [_thread_blocked, id=51640]
  0x5fa2c400 JavaThread "Thread-883" [_thread_blocked, id=20868]
  0x5fa2bc00 JavaThread "Thread-882" [_thread_blocked, id=59588]
  0x5fa2b800 JavaThread "Thread-881" [_thread_blocked, id=13764]
  0x5fa2b400 JavaThread "Thread-880" [_thread_blocked, id=62596]
  0x5fa2ac00 JavaThread "Thread-879" [_thread_blocked, id=43604]
  0x5fa2a800 JavaThread "Thread-878" [_thread_blocked, id=68700]
  0x5fa22800 JavaThread "Thread-877" [_thread_blocked, id=43832]
  0x5fa25c00 JavaThread "Thread-876" [_thread_blocked, id=59644]
  0x5fa2a000 JavaThread "Thread-875" [_thread_blocked, id=18852]
  0x5fa25400 JavaThread "Thread-874" [_thread_blocked, id=19324]
  0x5fa22c00 JavaThread "Thread-873" [_thread_blocked, id=21984]
  0x5fa29c00 JavaThread "Thread-872" [_thread_blocked, id=23592]
  0x5fa21c00 JavaThread "Thread-871" [_thread_blocked, id=25732]
  0x5fa29400 JavaThread "Thread-870" [_thread_blocked, id=29152]
  0x5fa25000 JavaThread "Thread-869" [_thread_blocked, id=61456]
  0x5fa21800 JavaThread "Thread-868" [_thread_blocked, id=23336]
  0x5fa26800 JavaThread "Thread-867" [_thread_blocked, id=27620]
  0x5fa29000 JavaThread "Thread-866" [_thread_blocked, id=28520]
  0x5fa26c00 JavaThread "Thread-865" [_thread_blocked, id=27752]
  0x5fa24c00 JavaThread "Thread-864" [_thread_blocked, id=41128]
  0x5fa28800 JavaThread "Thread-863" [_thread_blocked, id=52060]
  0x5fa28400 JavaThread "Thread-862" [_thread_blocked, id=50704]
  0x5fa23800 JavaThread "Thread-861" [_thread_blocked, id=45452]
  0x5fa23400 JavaThread "Thread-860" [_thread_blocked, id=2456]
  0x5fa27400 JavaThread "Thread-859" [_thread_blocked, id=61964]
  0x5fa22000 JavaThread "Thread-858" [_thread_blocked, id=8580]
  0x5fa28000 JavaThread "Thread-857" [_thread_blocked, id=35700]
  0x5fa27800 JavaThread "Thread-856" [_thread_blocked, id=43040]
  0x5fa24000 JavaThread "Thread-855" [_thread_blocked, id=23740]
  0x5fa24400 JavaThread "Thread-854" [_thread_blocked, id=66192]
  0x5fa26000 JavaThread "Thread-853" [_thread_blocked, id=21892]
  0x5fa21000 JavaThread "Thread-852" [_thread_blocked, id=67956]
  0x5fa20000 JavaThread "Thread-851" [_thread_blocked, id=4216]
  0x5fa20c00 JavaThread "Thread-850" [_thread_blocked, id=10172]
  0x5fa1f800 JavaThread "Thread-849" [_thread_blocked, id=51868]
  0x5fa20400 JavaThread "Thread-848" [_thread_blocked, id=23116]
  0x5fa1f400 JavaThread "Thread-847" [_thread_blocked, id=12068]
  0x5fa1ec00 JavaThread "Thread-846" [_thread_blocked, id=10748]
  0x5fa1e800 JavaThread "Thread-845" [_thread_blocked, id=8096]
  0x5fa17400 JavaThread "Thread-844" [_thread_blocked, id=60904]
  0x5fa1e400 JavaThread "Thread-843" [_thread_blocked, id=63400]
  0x5fa18c00 JavaThread "Thread-842" [_thread_blocked, id=7744]
  0x5fa17c00 JavaThread "Thread-841" [_thread_blocked, id=57656]
  0x5fa18000 JavaThread "Thread-840" [_thread_blocked, id=31580]
  0x5fa1dc00 JavaThread "Thread-839" [_thread_blocked, id=35256]
  0x5fa17000 JavaThread "Thread-838" [_thread_blocked, id=64192]
  0x5fa16800 JavaThread "Thread-837" [_thread_blocked, id=15372]
  0x5fa15c00 JavaThread "Thread-836" [_thread_blocked, id=25012]
  0x5fa1d800 JavaThread "Thread-835" [_thread_blocked, id=20688]
  0x5fa1b000 JavaThread "Thread-834" [_thread_blocked, id=49396]
  0x5fa1c400 JavaThread "Thread-833" [_thread_blocked, id=58688]
  0x5fa16400 JavaThread "Thread-832" [_thread_blocked, id=71984]
  0x5fa1cc00 JavaThread "Thread-831" [_thread_blocked, id=9528]
  0x5fa1d000 JavaThread "Thread-830" [_thread_blocked, id=68136]
  0x5fa18400 JavaThread "Thread-829" [_thread_blocked, id=21596]
  0x5fa1c000 JavaThread "Thread-828" [_thread_blocked, id=39708]
  0x5fa1b800 JavaThread "Thread-827" [_thread_blocked, id=65980]
  0x5fa1a800 JavaThread "Thread-826" [_thread_blocked, id=50492]
  0x5fa1a400 JavaThread "Thread-825" [_thread_blocked, id=24232]
  0x5fa1b400 JavaThread "Thread-824" [_thread_blocked, id=34832]
  0x5fa19800 JavaThread "Thread-823" [_thread_blocked, id=71224]
  0x5fa19c00 JavaThread "Thread-822" [_thread_blocked, id=11392]
  0x5fa19000 JavaThread "Thread-821" [_thread_blocked, id=41236]
  0x5fa15000 JavaThread "Thread-820" [_thread_blocked, id=58744]
  0x5fa14c00 JavaThread "Thread-819" [_thread_blocked, id=6432]
  0x5fa14800 JavaThread "Thread-818" [_thread_blocked, id=47880]
  0x5fa15800 JavaThread "Thread-817" [_thread_blocked, id=24884]
  0x5fa14000 JavaThread "Thread-816" [_thread_blocked, id=39576]
  0x5fa13400 JavaThread "Thread-815" [_thread_blocked, id=19084]
  0x5fa13c00 JavaThread "Thread-814" [_thread_blocked, id=62796]
  0x5fa13000 JavaThread "Thread-813" [_thread_blocked, id=60312]
  0x5fa10800 JavaThread "Thread-812" [_thread_blocked, id=30144]
  0x5fa10c00 JavaThread "Thread-811" [_thread_blocked, id=69148]
  0x5fa0b000 JavaThread "Thread-810" [_thread_blocked, id=9624]
  0x5fa0e400 JavaThread "Thread-809" [_thread_blocked, id=32452]
  0x5fa10000 JavaThread "Thread-808" [_thread_blocked, id=12024]
  0x5fa12800 JavaThread "Thread-807" [_thread_blocked, id=68664]
  0x5fa0e000 JavaThread "Thread-806" [_thread_blocked, id=54452]
  0x5fa0ac00 JavaThread "Thread-805" [_thread_blocked, id=57444]
  0x5fa12400 JavaThread "Thread-804" [_thread_blocked, id=61340]
  0x5fa0bc00 JavaThread "Thread-803" [_thread_blocked, id=42620]
  0x5fa0d800 JavaThread "Thread-802" [_thread_blocked, id=16364]
  0x5fa11400 JavaThread "Thread-801" [_thread_blocked, id=29500]
  0x5fa0fc00 JavaThread "Thread-800" [_thread_blocked, id=18572]
  0x5fa0a400 JavaThread "Thread-799" [_thread_blocked, id=57912]
  0x5fa0b400 JavaThread "Thread-798" [_thread_blocked, id=43224]
  0x5fa0c000 JavaThread "Thread-797" [_thread_blocked, id=21400]
  0x5fa0e800 JavaThread "Thread-796" [_thread_blocked, id=4680]
  0x5fa11c00 JavaThread "Thread-795" [_thread_blocked, id=70668]
  0x5fa0d400 JavaThread "Thread-794" [_thread_blocked, id=44844]
  0x5fa0f400 JavaThread "Thread-793" [_thread_blocked, id=35704]
  0x5fa0f000 JavaThread "Thread-792" [_thread_blocked, id=58872]
  0x5fa0cc00 JavaThread "Thread-791" [_thread_blocked, id=54908]
  0x5fa11800 JavaThread "Thread-790" [_thread_blocked, id=15904]
  0x5fa0c800 JavaThread "Thread-789" [_thread_blocked, id=3976]
  0x5fa02400 JavaThread "Thread-788" [_thread_blocked, id=36752]
  0x5fa0a000 JavaThread "Thread-787" [_thread_blocked, id=64828]
  0x5fa08c00 JavaThread "Thread-786" [_thread_blocked, id=52120]
  0x5fa09400 JavaThread "Thread-785" [_thread_blocked, id=19268]
  0x5fa08800 JavaThread "Thread-784" [_thread_blocked, id=44252]
  0x5fa08000 JavaThread "Thread-783" [_thread_blocked, id=37236]
  0x5fa09800 JavaThread "Thread-782" [_thread_blocked, id=2892]
  0x5fa00400 JavaThread "Thread-781" [_thread_blocked, id=18460]
  0x5fa00c00 JavaThread "Thread-780" [_thread_blocked, id=25788]
  0x5fa07c00 JavaThread "Thread-779" [_thread_blocked, id=29312]
  0x5f9ffc00 JavaThread "Thread-778" [_thread_blocked, id=62548]
  0x5fa07800 JavaThread "Thread-777" [_thread_blocked, id=17772]
  0x5f9ff800 JavaThread "Thread-776" [_thread_blocked, id=33100]
  0x5fa06c00 JavaThread "Thread-775" [_thread_blocked, id=48088]
  0x5fa07000 JavaThread "Thread-774" [_thread_blocked, id=19736]
  0x5fa06000 JavaThread "Thread-773" [_thread_blocked, id=25040]
  0x5fa02000 JavaThread "Thread-772" [_thread_blocked, id=28924]
  0x5fa01400 JavaThread "Thread-771" [_thread_blocked, id=14908]
  0x5fa01800 JavaThread "Thread-770" [_thread_blocked, id=11068]
  0x5fa00800 JavaThread "Thread-769" [_thread_blocked, id=32664]
  0x5fa05800 JavaThread "Thread-768" [_thread_blocked, id=11940]
  0x5fa05400 JavaThread "Thread-767" [_thread_blocked, id=19964]
  0x5fa04c00 JavaThread "Thread-766" [_thread_blocked, id=57988]
  0x5fa04800 JavaThread "Thread-765" [_thread_blocked, id=12252]
  0x5fa04400 JavaThread "Thread-764" [_thread_blocked, id=8120]
  0x5fa02c00 JavaThread "Thread-763" [_thread_blocked, id=24876]
  0x5fa03800 JavaThread "Thread-762" [_thread_blocked, id=34504]
  0x5f9fec00 JavaThread "Thread-761" [_thread_blocked, id=44428]
  0x5fa03c00 JavaThread "Thread-760" [_thread_blocked, id=57432]
  0x5fa06400 JavaThread "Thread-759" [_thread_blocked, id=21524]
  0x5fa03000 JavaThread "Thread-758" [_thread_blocked, id=16808]
  0x5f9ff000 JavaThread "Thread-757" [_thread_blocked, id=51364]
  0x5f9fe400 JavaThread "Thread-756" [_thread_blocked, id=50100]
  0x5f9fe000 JavaThread "Thread-755" [_thread_blocked, id=31920]
  0x5f9fd800 JavaThread "Thread-754" [_thread_blocked, id=22320]
  0x5f9fd000 JavaThread "Thread-753" [_thread_blocked, id=6784]
  0x5f9fc800 JavaThread "Thread-752" [_thread_blocked, id=8248]
  0x5f9fd400 JavaThread "Thread-751" [_thread_blocked, id=24620]
  0x5f9f4800 JavaThread "Thread-750" [_thread_blocked, id=38772]
  0x5f9fc400 JavaThread "Thread-749" [_thread_blocked, id=19648]
  0x5f9fbc00 JavaThread "Thread-748" [_thread_blocked, id=42048]
  0x5f9f7800 JavaThread "Thread-747" [_thread_blocked, id=8360]
  0x5f9f3c00 JavaThread "Thread-746" [_thread_blocked, id=27876]
  0x5f9fb800 JavaThread "Thread-745" [_thread_blocked, id=62308]
  0x5f9f7000 JavaThread "Thread-744" [_thread_blocked, id=45560]
  0x5f9f4400 JavaThread "Thread-743" [_thread_blocked, id=64392]
  0x5f9fb000 JavaThread "Thread-742" [_thread_blocked, id=43608]
  0x5f9f9400 JavaThread "Thread-741" [_thread_blocked, id=62624]
  0x5f9f3800 JavaThread "Thread-740" [_thread_blocked, id=66120]
  0x5f9f5c00 JavaThread "Thread-739" [_thread_blocked, id=59496]
  0x5f9f9000 JavaThread "Thread-738" [_thread_blocked, id=60600]
  0x5f9f3400 JavaThread "Thread-737" [_thread_blocked, id=4300]
  0x5f9f5400 JavaThread "Thread-736" [_thread_blocked, id=32380]
  0x5f9f8400 JavaThread "Thread-735" [_thread_blocked, id=28216]
  0x5f9f7c00 JavaThread "Thread-734" [_thread_blocked, id=64064]
  0x5f9f5000 JavaThread "Thread-733" [_thread_blocked, id=62180]
  0x5f9fac00 JavaThread "Thread-732" [_thread_blocked, id=12908]
  0x5f9f6c00 JavaThread "Thread-731" [_thread_blocked, id=15604]
  0x5f9f6800 JavaThread "Thread-730" [_thread_blocked, id=63628]
  0x5f9fa400 JavaThread "Thread-729" [_thread_blocked, id=67084]
  0x5f9f8800 JavaThread "Thread-728" [_thread_blocked, id=15408]
  0x5f9fa000 JavaThread "Thread-727" [_thread_blocked, id=61020]
  0x5f9f6000 JavaThread "Thread-726" [_thread_blocked, id=41036]
  0x5f9f9c00 JavaThread "Thread-725" [_thread_blocked, id=17608]
  0x5f98a400 JavaThread "Thread-724" [_thread_blocked, id=67320]
  0x5f989800 JavaThread "Thread-723" [_thread_blocked, id=32876]
  0x5f98b400 JavaThread "Thread-722" [_thread_blocked, id=54476]
  0x5f98b000 JavaThread "Thread-721" [_thread_blocked, id=69784]
  0x5f988800 JavaThread "Thread-720" [_thread_blocked, id=28408]
  0x5f988000 JavaThread "Thread-719" [_thread_blocked, id=37664]
  0x5f983000 JavaThread "Thread-718" [_thread_blocked, id=60880]
  0x5f98a000 JavaThread "Thread-717" [_thread_blocked, id=16856]
  0x5f98ac00 JavaThread "Thread-716" [_thread_blocked, id=12412]
  0x5f989400 JavaThread "Thread-715" [_thread_blocked, id=34432]
  0x5f987000 JavaThread "Thread-714" [_thread_blocked, id=16568]
  0x5f985800 JavaThread "Thread-713" [_thread_blocked, id=63960]
  0x5f982400 JavaThread "Thread-712" [_thread_blocked, id=43356]
  0x5f983c00 JavaThread "Thread-711" [_thread_blocked, id=41172]
  0x5f985400 JavaThread "Thread-710" [_thread_blocked, id=31220]
  0x5f988c00 JavaThread "Thread-709" [_thread_blocked, id=42032]
  0x5f983800 JavaThread "Thread-708" [_thread_blocked, id=71940]
  0x5f980400 JavaThread "Thread-707" [_thread_blocked, id=65260]
  0x5f986c00 JavaThread "Thread-706" [_thread_blocked, id=17928]
  0x5f982c00 JavaThread "Thread-705" [_thread_blocked, id=71392]
  0x5f981000 JavaThread "Thread-704" [_thread_blocked, id=61752]
  0x5f984c00 JavaThread "Thread-703" [_thread_blocked, id=25136]
  0x5f984400 JavaThread "Thread-702" [_thread_blocked, id=48000]
  0x5f981400 JavaThread "Thread-701" [_thread_blocked, id=61428]
  0x5f982000 JavaThread "Thread-700" [_thread_blocked, id=60752]
  0x5f984800 JavaThread "Thread-699" [_thread_blocked, id=55824]
  0x5f987c00 JavaThread "Thread-698" [_thread_blocked, id=18876]
  0x5f986400 JavaThread "Thread-697" [_thread_blocked, id=68032]
  0x5f981800 JavaThread "Thread-696" [_thread_blocked, id=58008]
  0x5f980800 JavaThread "Thread-695" [_thread_blocked, id=46972]
  0x5f986000 JavaThread "Thread-694" [_thread_blocked, id=56728]
  0x5f987800 JavaThread "Thread-693" [_thread_blocked, id=6604]
  0x5f99f800 JavaThread "Thread-692" [_thread_blocked, id=45292]
  0x5f99f400 JavaThread "Thread-691" [_thread_blocked, id=33184]
  0x5f99ec00 JavaThread "Thread-690" [_thread_blocked, id=67492]
  0x5f99e800 JavaThread "Thread-689" [_thread_blocked, id=25224]
  0x5f99d800 JavaThread "Thread-688" [_thread_blocked, id=49568]
  0x5f99d000 JavaThread "Thread-687" [_thread_blocked, id=51232]
  0x5f99dc00 JavaThread "Thread-686" [_thread_blocked, id=58508]
  0x5f99cc00 JavaThread "Thread-685" [_thread_blocked, id=64852]
  0x5f99c000 JavaThread "Thread-684" [_thread_blocked, id=29060]
  0x5f997c00 JavaThread "Thread-683" [_thread_blocked, id=57500]
  0x5f99b400 JavaThread "Thread-682" [_thread_blocked, id=10596]
  0x5f99e400 JavaThread "Thread-681" [_thread_blocked, id=64080]
  0x5f99b800 JavaThread "Thread-680" [_thread_blocked, id=14780]
  0x5f99a800 JavaThread "Thread-679" [_thread_blocked, id=46432]
  0x5f99b000 JavaThread "Thread-678" [_thread_blocked, id=21024]
  0x5f99a400 JavaThread "Thread-677" [_thread_blocked, id=14648]
  0x5f999800 JavaThread "Thread-676" [_thread_blocked, id=4388]
  0x5f99c400 JavaThread "Thread-675" [_thread_blocked, id=38728]
  0x5f998000 JavaThread "Thread-674" [_thread_blocked, id=41324]
  0x5f997400 JavaThread "Thread-673" [_thread_blocked, id=17428]
  0x5f998c00 JavaThread "Thread-672" [_thread_blocked, id=25492]
  0x5f999c00 JavaThread "Thread-671" [_thread_blocked, id=15984]
  0x5f999000 JavaThread "Thread-670" [_thread_blocked, id=18568]
  0x5f998400 JavaThread "Thread-669" [_thread_blocked, id=17032]
  0x5f996400 JavaThread "Thread-668" [_thread_blocked, id=37580]
  0x5f997000 JavaThread "Thread-667" [_thread_blocked, id=40012]
  0x5f996800 JavaThread "Thread-666" [_thread_blocked, id=44644]
  0x5f98e400 JavaThread "Thread-665" [_thread_blocked, id=44120]
  0x5f995c00 JavaThread "Thread-664" [_thread_blocked, id=54584]
  0x5f98e000 JavaThread "Thread-663" [_thread_blocked, id=74420]
  0x5f98fc00 JavaThread "Thread-662" [_thread_blocked, id=58576]
  0x5f990000 JavaThread "Thread-661" [_thread_blocked, id=41624]
  0x5f995800 JavaThread "Thread-660" [_thread_blocked, id=41100]
  0x5f98d800 JavaThread "Thread-659" [_thread_blocked, id=70056]
  0x5f995000 JavaThread "Thread-658" [_thread_blocked, id=44544]
  0x5f98d400 JavaThread "Thread-657" [_thread_blocked, id=27176]
  0x5f994c00 JavaThread "Thread-656" [_thread_blocked, id=2856]
  0x5f98e800 JavaThread "Thread-655" [_thread_blocked, id=46120]
  0x5f991400 JavaThread "Thread-654" [_thread_blocked, id=67808]
  0x5f98f400 JavaThread "Thread-653" [_thread_blocked, id=20412]
  0x5f990c00 JavaThread "Thread-652" [_thread_blocked, id=57504]
  0x5f994800 JavaThread "Thread-651" [_thread_blocked, id=31968]
  0x5f98f000 JavaThread "Thread-650" [_thread_blocked, id=45696]
  0x5f994000 JavaThread "Thread-649" [_thread_blocked, id=38996]
  0x5f98c000 JavaThread "Thread-648" [_thread_blocked, id=63992]
  0x5f990800 JavaThread "Thread-647" [_thread_blocked, id=30180]
  0x5f993000 JavaThread "Thread-646" [_thread_blocked, id=13404]
  0x5f991800 JavaThread "Thread-645" [_thread_blocked, id=34024]
  0x5f98cc00 JavaThread "Thread-644" [_thread_blocked, id=31688]
  0x5f98c800 JavaThread "Thread-643" [_thread_blocked, id=70892]
  0x5f993c00 JavaThread "Thread-642" [_thread_blocked, id=69668]
  0x5f992800 JavaThread "Thread-641" [_thread_blocked, id=25048]
  0x5f992400 JavaThread "Thread-640" [_thread_blocked, id=62664]
  0x5f98bc00 JavaThread "Thread-639" [_thread_blocked, id=52692]
  0x5f993400 JavaThread "Thread-638" [_thread_blocked, id=63196]
  0x5f991c00 JavaThread "Thread-637" [_thread_blocked, id=73820]
  0x4b5f6400 JavaThread "Thread-636" [_thread_blocked, id=52852]
  0x4b5fe000 JavaThread "Thread-635" [_thread_blocked, id=70340]
  0x4b5fd800 JavaThread "Thread-634" [_thread_blocked, id=51052]
  0x4b5fd400 JavaThread "Thread-633" [_thread_blocked, id=48480]
  0x4b5f8400 JavaThread "Thread-632" [_thread_blocked, id=64364]
  0x4b5fcc00 JavaThread "Thread-631" [_thread_blocked, id=628]
  0x4b5fc800 JavaThread "Thread-630" [_thread_blocked, id=66296]
  0x4b5f7c00 JavaThread "Thread-629" [_thread_blocked, id=29056]
  0x4b5f4800 JavaThread "Thread-628" [_thread_blocked, id=21284]
  0x4b5fc000 JavaThread "Thread-627" [_thread_blocked, id=43408]
  0x4b5fbc00 JavaThread "Thread-626" [_thread_blocked, id=47456]
  0x4b5f5400 JavaThread "Thread-625" [_thread_blocked, id=47772]
  0x4b5f7800 JavaThread "Thread-624" [_thread_blocked, id=17308]
  0x4b5f3c00 JavaThread "Thread-623" [_thread_blocked, id=7280]
  0x4b5f6000 JavaThread "Thread-622" [_thread_blocked, id=61624]
  0x4b5fb800 JavaThread "Thread-621" [_thread_blocked, id=48228]
  0x4b5f7000 JavaThread "Thread-620" [_thread_blocked, id=15164]
  0x4b5f3800 JavaThread "Thread-619" [_thread_blocked, id=49808]
  0x4b5f5000 JavaThread "Thread-618" [_thread_blocked, id=72652]
  0x4b5fac00 JavaThread "Thread-617" [_thread_blocked, id=8268]
  0x4b5fa400 JavaThread "Thread-616" [_thread_blocked, id=1972]
  0x4b5f4400 JavaThread "Thread-615" [_thread_blocked, id=22060]
  0x4b5fa000 JavaThread "Thread-614" [_thread_blocked, id=38080]
  0x4b5fb000 JavaThread "Thread-613" [_thread_blocked, id=65768]
  0x4b5f5800 JavaThread "Thread-612" [_thread_blocked, id=56540]
  0x4b5f9800 JavaThread "Thread-611" [_thread_blocked, id=39524]
  0x4b5f6c00 JavaThread "Thread-610" [_thread_blocked, id=20068]
  0x4b5f8800 JavaThread "Thread-609" [_thread_blocked, id=39316]
  0x4b5f3000 JavaThread "Thread-608" [_thread_blocked, id=26600]
  0x4b5f9400 JavaThread "Thread-607" [_thread_blocked, id=65740]
  0x4b5f8c00 JavaThread "Thread-606" [_thread_blocked, id=64472]
  0x4b5f2c00 JavaThread "Thread-605" [_thread_blocked, id=73804]
  0x4b5eac00 JavaThread "Thread-604" [_thread_blocked, id=37072]
  0x4b5f2000 JavaThread "Thread-603" [_thread_blocked, id=35992]
  0x4b5f1800 JavaThread "Thread-602" [_thread_blocked, id=15712]
  0x4b5f1400 JavaThread "Thread-601" [_thread_blocked, id=56200]
  0x4b5f1000 JavaThread "Thread-600" [_thread_blocked, id=39436]
  0x4b5f2400 JavaThread "Thread-599" [_thread_blocked, id=69220]
  0x4b5ed400 JavaThread "Thread-598" [_thread_blocked, id=7440]
  0x4b5f0800 JavaThread "Thread-597" [_thread_blocked, id=73888]
  0x4b5ec800 JavaThread "Thread-596" [_thread_blocked, id=18068]
  0x4b5ef800 JavaThread "Thread-595" [_thread_blocked, id=35352]
  0x4b5ef000 JavaThread "Thread-594" [_thread_blocked, id=47364]
  0x4b5f0400 JavaThread "Thread-593" [_thread_blocked, id=11012]
  0x4b5ebc00 JavaThread "Thread-592" [_thread_blocked, id=65676]
  0x4b5efc00 JavaThread "Thread-591" [_thread_blocked, id=13476]
  0x4b5eb800 JavaThread "Thread-590" [_thread_blocked, id=65964]
  0x4b5e7400 JavaThread "Thread-589" [_thread_blocked, id=22340]
  0x4b5eec00 JavaThread "Thread-588" [_thread_blocked, id=39476]
  0x4b5ed000 JavaThread "Thread-587" [_thread_blocked, id=30448]
  0x4b5ea800 JavaThread "Thread-586" [_thread_blocked, id=7988]
  0x4b5ee400 JavaThread "Thread-585" [_thread_blocked, id=47532]
  0x4b5e9000 JavaThread "Thread-584" [_thread_blocked, id=49104]
  0x4b5eb000 JavaThread "Thread-583" [_thread_blocked, id=25088]
  0x4b5ea000 JavaThread "Thread-582" [_thread_blocked, id=56048]
  0x4b5e9400 JavaThread "Thread-581" [_thread_blocked, id=49920]
  0x4b5e8400 JavaThread "Thread-580" [_thread_blocked, id=68944]
  0x4b5e8800 JavaThread "Thread-579" [_thread_blocked, id=57560]
  0x4b5e9c00 JavaThread "Thread-578" [_thread_blocked, id=42172]
  0x4b5e7800 JavaThread "Thread-577" [_thread_blocked, id=19388]
  0x4b5e7c00 JavaThread "Thread-576" [_thread_blocked, id=10776]
  0x4b5ee000 JavaThread "Thread-575" [_thread_blocked, id=54112]
  0x4b5ec400 JavaThread "Thread-574" [_thread_blocked, id=6536]
  0x4b5edc00 JavaThread "Thread-573" [_thread_blocked, id=39180]
  0x4b5ffc00 JavaThread "Thread-572" [_thread_blocked, id=15608]
  0x4b5ff400 JavaThread "Thread-571" [_thread_blocked, id=70240]
  0x4b606800 JavaThread "Thread-570" [_thread_blocked, id=5232]
  0x4b5fec00 JavaThread "Thread-569" [_thread_blocked, id=40880]
  0x4b5ff000 JavaThread "Thread-568" [_thread_blocked, id=48700]
  0x4b606400 JavaThread "Thread-567" [_thread_blocked, id=5256]
  0x4b605400 JavaThread "Thread-566" [_thread_blocked, id=49384]
  0x4b602800 JavaThread "Thread-565" [_thread_blocked, id=55292]
  0x4b602400 JavaThread "Thread-564" [_thread_blocked, id=58332]
  0x4b604c00 JavaThread "Thread-563" [_thread_blocked, id=14608]
  0x4b5fe400 JavaThread "Thread-562" [_thread_blocked, id=23672]
  0x4b603000 JavaThread "Thread-561" [_thread_blocked, id=56680]
  0x4b603c00 JavaThread "Thread-560" [_thread_blocked, id=63040]
  0x4b602000 JavaThread "Thread-559" [_thread_blocked, id=45600]
  0x4b604000 JavaThread "Thread-558" [_thread_blocked, id=38640]
  0x4b605c00 JavaThread "Thread-557" [_thread_blocked, id=31196]
  0x4b601400 JavaThread "Thread-556" [_thread_blocked, id=14852]
  0x4b603400 JavaThread "Thread-555" [_thread_blocked, id=55128]
  0x4b600c00 JavaThread "Thread-554" [_thread_blocked, id=67692]
  0x4b600800 JavaThread "Thread-553" [_thread_blocked, id=44372]
  0x4b605800 JavaThread "Thread-552" [_thread_blocked, id=1936]
  0x4b604800 JavaThread "Thread-551" [_thread_blocked, id=17828]
  0x4b600000 JavaThread "Thread-550" [_thread_blocked, id=49564]
  0x4b601800 JavaThread "Thread-549" [_thread_blocked, id=61984]
  0x4b58f400 JavaThread "Thread-548" [_thread_blocked, id=5808]
  0x4b58e800 JavaThread "Thread-547" [_thread_blocked, id=34376]
  0x4b58e400 JavaThread "Thread-546" [_thread_blocked, id=37264]
  0x4b58ec00 JavaThread "Thread-545" [_thread_blocked, id=49820]
  0x4b58d800 JavaThread "Thread-544" [_thread_blocked, id=56344]
  0x4b58dc00 JavaThread "Thread-543" [_thread_blocked, id=16528]
  0x4b58d000 JavaThread "Thread-542" [_thread_blocked, id=22812]
  0x4b585000 JavaThread "Thread-541" [_thread_blocked, id=24244]
  0x4b58cc00 JavaThread "Thread-540" [_thread_blocked, id=11184]
  0x4b585c00 JavaThread "Thread-539" [_thread_blocked, id=59344]
  0x4b589c00 JavaThread "Thread-538" [_thread_blocked, id=7912]
  0x4b588c00 JavaThread "Thread-537" [_thread_blocked, id=46956]
  0x4b58c400 JavaThread "Thread-536" [_thread_blocked, id=18252]
  0x4b58b800 JavaThread "Thread-535" [_thread_blocked, id=38768]
  0x4b589000 JavaThread "Thread-534" [_thread_blocked, id=14156]
  0x4b58b000 JavaThread "Thread-533" [_thread_blocked, id=43156]
  0x4b58c000 JavaThread "Thread-532" [_thread_blocked, id=72636]
  0x4b588000 JavaThread "Thread-531" [_thread_blocked, id=54368]
  0x4b58a400 JavaThread "Thread-530" [_thread_blocked, id=66796]
  0x4b588400 JavaThread "Thread-529" [_thread_blocked, id=49216]
  0x4b587c00 JavaThread "Thread-528" [_thread_blocked, id=8596]
  0x4b584000 JavaThread "Thread-527" [_thread_blocked, id=68484]
  0x4b585800 JavaThread "Thread-526" [_thread_blocked, id=49640]
  0x4b586400 JavaThread "Thread-525" [_thread_blocked, id=27588]
  0x4b584800 JavaThread "Thread-524" [_thread_blocked, id=48244]
  0x4b587400 JavaThread "Thread-523" [_thread_blocked, id=23408]
  0x4b584c00 JavaThread "Thread-522" [_thread_blocked, id=3224]
  0x4b589800 JavaThread "Thread-521" [_thread_blocked, id=20100]
  0x4b586800 JavaThread "Thread-520" [_thread_blocked, id=65176]
  0x4b58b400 JavaThread "Thread-519" [_thread_blocked, id=5732]
  0x4b58a800 JavaThread "Thread-518" [_thread_blocked, id=68140]
  0x4b587000 JavaThread "Thread-517" [_thread_blocked, id=29844]
  0x4b583c00 JavaThread "Thread-516" [_thread_blocked, id=21928]
  0x4b583400 JavaThread "Thread-515" [_thread_blocked, id=63396]
  0x4b57b400 JavaThread "Thread-514" [_thread_blocked, id=60548]
  0x4b583000 JavaThread "Thread-513" [_thread_blocked, id=50228]
  0x4b57b000 JavaThread "Thread-512" [_thread_blocked, id=69888]
  0x4b582800 JavaThread "Thread-511" [_thread_blocked, id=38724]
  0x4b582400 JavaThread "Thread-510" [_thread_blocked, id=68280]
  0x4b57a400 JavaThread "Thread-509" [_thread_blocked, id=50816]
  0x4b581c00 JavaThread "Thread-508" [_thread_blocked, id=42136]
  0x4b581400 JavaThread "Thread-507" [_thread_blocked, id=69980]
  0x4b581800 JavaThread "Thread-506" [_thread_blocked, id=38692]
  0x4b57f000 JavaThread "Thread-505" [_thread_blocked, id=53400]
  0x4b580c00 JavaThread "Thread-504" [_thread_blocked, id=69380]
  0x4b579400 JavaThread "Thread-503" [_thread_blocked, id=38540]
  0x4b578c00 JavaThread "Thread-502" [_thread_blocked, id=29328]
  0x4b57fc00 JavaThread "Thread-501" [_thread_blocked, id=73044]
  0x4b57e000 JavaThread "Thread-500" [_thread_blocked, id=54980]
  0x4b57e400 JavaThread "Thread-499" [_thread_blocked, id=20304]
  0x4b57bc00 JavaThread "Thread-498" [_thread_blocked, id=25812]
  0x4b579800 JavaThread "Thread-497" [_thread_blocked, id=74384]
  0x4b57a000 JavaThread "Thread-496" [_thread_blocked, id=46456]
  0x4b57d800 JavaThread "Thread-495" [_thread_blocked, id=7700]
  0x4b57c800 JavaThread "Thread-494" [_thread_blocked, id=27216]
  0x4b57c000 JavaThread "Thread-493" [_thread_blocked, id=62316]
  0x4b57ac00 JavaThread "Thread-492" [_thread_blocked, id=43856]
  0x4b57d400 JavaThread "Thread-491" [_thread_blocked, id=38120]
  0x4b57cc00 JavaThread "Thread-490" [_thread_blocked, id=21372]
  0x4b580800 JavaThread "Thread-489" [_thread_blocked, id=67092]
  0x4b57e800 JavaThread "Thread-488" [_thread_blocked, id=17568]
  0x4b578800 JavaThread "Thread-487" [_thread_blocked, id=24052]
  0x4b580000 JavaThread "Thread-486" [_thread_blocked, id=7596]
  0x4b57f400 JavaThread "Thread-485" [_thread_blocked, id=40360]
  0x4b593800 JavaThread "Thread-484" [_thread_blocked, id=50940]
  0x4b591800 JavaThread "Thread-483" [_thread_blocked, id=39720]
  0x4b592c00 JavaThread "Thread-482" [_thread_blocked, id=73388]
  0x4b598000 JavaThread "Thread-481" [_thread_blocked, id=448]
  0x4b592800 JavaThread "Thread-480" [_thread_blocked, id=10156]
  0x4b597800 JavaThread "Thread-479" [_thread_blocked, id=24896]
  0x4b58f800 JavaThread "Thread-478" [_thread_blocked, id=28156]
  0x4b597400 JavaThread "Thread-477" [_thread_blocked, id=9544]
  0x4b592000 JavaThread "Thread-476" [_thread_blocked, id=18744]
  0x4b596800 JavaThread "Thread-475" [_thread_blocked, id=61620]
  0x4b591000 JavaThread "Thread-474" [_thread_blocked, id=69760]
  0x4b596000 JavaThread "Thread-473" [_thread_blocked, id=25948]
  0x4b595c00 JavaThread "Thread-472" [_thread_blocked, id=3704]
  0x4b590c00 JavaThread "Thread-471" [_thread_blocked, id=17600]
  0x4b594000 JavaThread "Thread-470" [_thread_blocked, id=15256]
  0x4b593400 JavaThread "Thread-469" [_thread_blocked, id=27796]
  0x4b595400 JavaThread "Thread-468" [_thread_blocked, id=17196]
  0x4b590400 JavaThread "Thread-467" [_thread_blocked, id=60612]
  0x4b591c00 JavaThread "Thread-466" [_thread_blocked, id=23372]
  0x4b590000 JavaThread "Thread-465" [_thread_blocked, id=74136]
  0x4b594400 JavaThread "Thread-464" [_thread_blocked, id=12812]
  0x4b594c00 JavaThread "Thread-463" [_thread_blocked, id=13196]
  0x4b595000 JavaThread "Thread-462" [_thread_blocked, id=72408]
  0x4b596c00 JavaThread "Thread-461" [_thread_blocked, id=73876]
  0x4b533000 JavaThread "Thread-460" [_thread_blocked, id=52892]
  0x4b532c00 JavaThread "Thread-459" [_thread_blocked, id=26504]
  0x4b532400 JavaThread "Thread-458" [_thread_blocked, id=11388]
  0x4b532000 JavaThread "Thread-457" [_thread_blocked, id=69028]
  0x4b536000 JavaThread "Thread-456" [_thread_blocked, id=33932]
  0x4b535800 JavaThread "Thread-455" [_thread_blocked, id=48500]
  0x4b539800 JavaThread "Thread-454" [_thread_blocked, id=27652]
  0x4b536400 JavaThread "Thread-453" [_thread_blocked, id=63724]
  0x4b535400 JavaThread "Thread-452" [_thread_blocked, id=66172]
  0x4b539400 JavaThread "Thread-451" [_thread_blocked, id=24296]
  0x4b534c00 JavaThread "Thread-450" [_thread_blocked, id=27164]
  0x4b538000 JavaThread "Thread-449" [_thread_blocked, id=34272]
  0x4b537c00 JavaThread "Thread-448" [_thread_blocked, id=9616]
  0x4b534000 JavaThread "Thread-447" [_thread_blocked, id=54684]
  0x4b531800 JavaThread "Thread-446" [_thread_blocked, id=37484]
  0x4b533c00 JavaThread "Thread-445" [_thread_blocked, id=11028]
  0x4b537400 JavaThread "Thread-444" [_thread_blocked, id=24704]
  0x4b538c00 JavaThread "Thread-443" [_thread_blocked, id=55096]
  0x4b533400 JavaThread "Thread-442" [_thread_blocked, id=4732]
  0x4b537000 JavaThread "Thread-441" [_thread_blocked, id=18076]
  0x4b531400 JavaThread "Thread-440" [_thread_blocked, id=7380]
  0x4b534800 JavaThread "Thread-439" [_thread_blocked, id=24724]
  0x4b536800 JavaThread "Thread-438" [_thread_blocked, id=26292]
  0x4b538800 JavaThread "Thread-437" [_thread_blocked, id=34144]
  0x4b530800 JavaThread "Thread-436" [_thread_blocked, id=46424]
  0x4b530c00 JavaThread "Thread-435" [_thread_blocked, id=26260]
  0x4b530000 JavaThread "Thread-434" [_thread_blocked, id=24800]
  0x4b52f800 JavaThread "Thread-433" [_thread_blocked, id=28104]
  0x4b52f000 JavaThread "Thread-432" [_thread_blocked, id=2716]
  0x4b52fc00 JavaThread "Thread-431" [_thread_blocked, id=30488]
  0x4b527000 JavaThread "Thread-430" [_thread_blocked, id=56980]
  0x4b52ec00 JavaThread "Thread-429" [_thread_blocked, id=22328]
  0x4b52e400 JavaThread "Thread-428" [_thread_blocked, id=65188]
  0x4b52e000 JavaThread "Thread-427" [_thread_blocked, id=39016]
  0x4b529400 JavaThread "Thread-426" [_thread_blocked, id=66272]
  0x4b52a000 JavaThread "Thread-425" [_thread_blocked, id=51312]
  0x4b529000 JavaThread "Thread-424" [_thread_blocked, id=41724]
  0x4b527c00 JavaThread "Thread-423" [_thread_blocked, id=14768]
  0x4b52c800 JavaThread "Thread-422" [_thread_blocked, id=9260]
  0x4b52d800 JavaThread "Thread-421" [_thread_blocked, id=4504]
  0x4b527800 JavaThread "Thread-420" [_thread_blocked, id=19520]
  0x4b52d400 JavaThread "Thread-419" [_thread_blocked, id=16956]
  0x4b52c400 JavaThread "Thread-418" [_thread_blocked, id=33632]
  0x4b526000 JavaThread "Thread-417" [_thread_blocked, id=45192]
  0x4b528800 JavaThread "Thread-416" [_thread_blocked, id=42144]
  0x4b528400 JavaThread "Thread-415" [_thread_blocked, id=44088]
  0x4b52bc00 JavaThread "Thread-414" [_thread_blocked, id=55500]
  0x4b52b800 JavaThread "Thread-413" [_thread_blocked, id=17184]
  0x4b52b000 JavaThread "Thread-412" [_thread_blocked, id=18636]
  0x4b529800 JavaThread "Thread-411" [_thread_blocked, id=42704]
  0x4b525c00 JavaThread "Thread-410" [_thread_blocked, id=11176]
  0x4b526400 JavaThread "Thread-409" [_thread_blocked, id=50516]
  0x4b526c00 JavaThread "Thread-408" [_thread_blocked, id=6032]
  0x4b52cc00 JavaThread "Thread-407" [_thread_blocked, id=10736]
  0x4b52a400 JavaThread "Thread-406" [_thread_blocked, id=49992]
  0x4b52ac00 JavaThread "Thread-405" [_thread_blocked, id=17572]
  0x4b524800 JavaThread "Thread-404" [_thread_blocked, id=17204]
  0x4b523000 JavaThread "Thread-403" [_thread_blocked, id=37008]
  0x4b51f400 JavaThread "Thread-402" [_thread_blocked, id=15348]
  0x4b524400 JavaThread "Thread-401" [_thread_blocked, id=6312]
  0x4b522c00 JavaThread "Thread-400" [_thread_blocked, id=48580]
  0x4b523c00 JavaThread "Thread-399" [_thread_blocked, id=17564]
  0x4b522800 JavaThread "Thread-398" [_thread_blocked, id=8428]
  0x4b522000 JavaThread "Thread-397" [_thread_blocked, id=72512]
  0x4b525400 JavaThread "Thread-396" [_thread_blocked, id=66400]
  0x4b523800 JavaThread "Thread-395" [_thread_blocked, id=53212]
  0x4b521000 JavaThread "Thread-394" [_thread_blocked, id=58356]
  0x4b525000 JavaThread "Thread-393" [_thread_blocked, id=33264]
  0x4b51a000 JavaThread "Thread-392" [_thread_blocked, id=17980]
  0x4b51ac00 JavaThread "Thread-391" [_thread_blocked, id=14136]
  0x4b51fc00 JavaThread "Thread-390" [_thread_blocked, id=66504]
  0x4b51e000 JavaThread "Thread-389" [_thread_blocked, id=19240]
  0x4b51dc00 JavaThread "Thread-388" [_thread_blocked, id=3624]
  0x4b51c400 JavaThread "Thread-387" [_thread_blocked, id=40584]
  0x4b51f800 JavaThread "Thread-386" [_thread_blocked, id=19804]
  0x4b521400 JavaThread "Thread-385" [_thread_blocked, id=30936]
  0x4b51ec00 JavaThread "Thread-384" [_thread_blocked, id=61848]
  0x4b51d400 JavaThread "Thread-383" [_thread_blocked, id=26304]
  0x4b51b800 JavaThread "Thread-382" [_thread_blocked, id=15400]
  0x4b51c000 JavaThread "Thread-381" [_thread_blocked, id=44044]
  0x4b51e800 JavaThread "Thread-380" [_thread_blocked, id=43828]
  0x4b51d000 JavaThread "Thread-379" [_thread_blocked, id=10616]
  0x4b51c800 JavaThread "Thread-378" [_thread_blocked, id=43672]
  0x4b520800 JavaThread "Thread-377" [_thread_blocked, id=19068]
  0x4b521c00 JavaThread "Thread-376" [_thread_blocked, id=48556]
  0x4b520400 JavaThread "Thread-375" [_thread_blocked, id=11680]
  0x4b51b400 JavaThread "Thread-374" [_thread_blocked, id=55244]
  0x4b51a800 JavaThread "Thread-373" [_thread_blocked, id=40132]
  0x4b4ee800 JavaThread "Thread-372" [_thread_blocked, id=67188]
  0x4b4ee400 JavaThread "Thread-371" [_thread_blocked, id=64612]
  0x4b4ed000 JavaThread "Thread-370" [_thread_blocked, id=67528]
  0x4b4ec000 JavaThread "Thread-369" [_thread_blocked, id=70144]
  0x4b4ec400 JavaThread "Thread-368" [_thread_blocked, id=33760]
  0x4b4ed800 JavaThread "Thread-367" [_thread_blocked, id=29960]
  0x4b4ebc00 JavaThread "Thread-366" [_thread_blocked, id=60064]
  0x4b4eb000 JavaThread "Thread-365" [_thread_blocked, id=66456]
  0x4b4edc00 JavaThread "Thread-364" [_thread_blocked, id=51764]
  0x4b4ea800 JavaThread "Thread-363" [_thread_blocked, id=32324]
  0x4b4eb400 JavaThread "Thread-362" [_thread_blocked, id=59492]
  0x4b4ecc00 JavaThread "Thread-361" [_thread_blocked, id=56236]
  0x4b4e3c00 JavaThread "Thread-360" [_thread_blocked, id=2536]
  0x4b4ea400 JavaThread "Thread-359" [_thread_blocked, id=68476]
  0x4b4e9800 JavaThread "Thread-358" [_thread_blocked, id=16772]
  0x4b4e9c00 JavaThread "Thread-357" [_thread_blocked, id=38900]
  0x4b4e1800 JavaThread "Thread-356" [_thread_blocked, id=54596]
  0x4b4e9000 JavaThread "Thread-355" [_thread_blocked, id=16196]
  0x4b4e1400 JavaThread "Thread-354" [_thread_blocked, id=45472]
  0x4b4e8c00 JavaThread "Thread-353" [_thread_blocked, id=51592]
  0x4b4e8800 JavaThread "Thread-352" [_thread_blocked, id=47804]
  0x4b4e3400 JavaThread "Thread-351" [_thread_blocked, id=62348]
  0x4b4e3000 JavaThread "Thread-350" [_thread_blocked, id=17840]
  0x4b4e0800 JavaThread "Thread-349" [_thread_blocked, id=12624]
  0x4b4e5800 JavaThread "Thread-348" [_thread_blocked, id=28604]
  0x4b4e8000 JavaThread "Thread-347" [_thread_blocked, id=48860]
  0x4b4e7c00 JavaThread "Thread-346" [_thread_blocked, id=51832]
  0x4b4e7400 JavaThread "Thread-345" [_thread_blocked, id=47552]
  0x4b4e0c00 JavaThread "Thread-344" [_thread_blocked, id=45664]
  0x4b4e4c00 JavaThread "Thread-343" [_thread_blocked, id=13360]
  0x4b4df400 JavaThread "Thread-342" [_thread_blocked, id=44744]
  0x4b4e2800 JavaThread "Thread-341" [_thread_blocked, id=61136]
  0x4b4e2400 JavaThread "Thread-340" [_thread_blocked, id=51160]
  0x4b4e7000 JavaThread "Thread-339" [_thread_blocked, id=21396]
  0x4b4df000 JavaThread "Thread-338" [_thread_blocked, id=67448]
  0x4b4e5400 JavaThread "Thread-337" [_thread_blocked, id=33992]
  0x4b4e0000 JavaThread "Thread-336" [_thread_blocked, id=34696]
  0x4b4dfc00 JavaThread "Thread-335" [_thread_blocked, id=24588]
  0x4b4e5c00 JavaThread "Thread-334" [_thread_blocked, id=39404]
  0x4b4e6800 JavaThread "Thread-333" [_thread_blocked, id=57204]
  0x4b4e6400 JavaThread "Thread-332" [_thread_blocked, id=6232]
  0x4b4e4000 JavaThread "Thread-331" [_thread_blocked, id=8888]
  0x4b4e2000 JavaThread "Thread-330" [_thread_blocked, id=23052]
  0x4b4e4800 JavaThread "Thread-329" [_thread_blocked, id=24440]
  0x4b4a7800 JavaThread "Thread-328" [_thread_blocked, id=18052]
  0x4b4a6000 JavaThread "Thread-327" [_thread_blocked, id=60660]
  0x4b4a6400 JavaThread "Thread-326" [_thread_blocked, id=63140]
  0x4b4a5c00 JavaThread "Thread-325" [_thread_blocked, id=23120]
  0x4b4a9800 JavaThread "Thread-324" [_thread_blocked, id=19284]
  0x4b4a9400 JavaThread "Thread-323" [_thread_blocked, id=29852]
  0x4b4a8400 JavaThread "Thread-322" [_thread_blocked, id=4360]
  0x4b4a9000 JavaThread "Thread-321" [_thread_blocked, id=55544]
  0x4b4a7c00 JavaThread "Thread-320" [_thread_blocked, id=58920]
  0x4b4a8800 JavaThread "Thread-319" [_thread_blocked, id=5924]
  0x4b4a6c00 JavaThread "Thread-318" [_thread_blocked, id=6632]
  0x4b4a7000 JavaThread "Thread-317" [_thread_blocked, id=63084]
  0x4b49e800 JavaThread "Thread-316" [_thread_blocked, id=53236]
  0x4b49dc00 JavaThread "Thread-315" [_thread_blocked, id=47212]
  0x4b4a5400 JavaThread "Thread-314" [_thread_blocked, id=32056]
  0x4b49e000 JavaThread "Thread-313" [_thread_blocked, id=54948]
  0x4b49d400 JavaThread "Thread-312" [_thread_blocked, id=43192]
  0x4b4a5000 JavaThread "Thread-311" [_thread_blocked, id=27224]
  0x4b4a4800 JavaThread "Thread-310" [_thread_blocked, id=30372]
  0x4b49c800 JavaThread "Thread-309" [_thread_blocked, id=3792]
  0x4b4a4400 JavaThread "Thread-308" [_thread_blocked, id=58396]
  0x4b49c400 JavaThread "Thread-307" [_thread_blocked, id=42264]
  0x4b4a3800 JavaThread "Thread-306" [_thread_blocked, id=52524]
  0x4b4a3000 JavaThread "Thread-305" [_thread_blocked, id=20108]
  0x4b4a3c00 JavaThread "Thread-304" [_thread_blocked, id=55108]
  0x4b4a2c00 JavaThread "Thread-303" [_thread_blocked, id=64408]
  0x4b49ac00 JavaThread "Thread-302" [_thread_blocked, id=25056]
  0x4b4a1000 JavaThread "Thread-301" [_thread_blocked, id=62868]
  0x4b4a2800 JavaThread "Thread-300" [_thread_blocked, id=16472]
  0x4b49c000 JavaThread "Thread-299" [_thread_blocked, id=37584]
  0x4b4a1c00 JavaThread "Thread-298" [_thread_blocked, id=19640]
  0x4b4a2000 JavaThread "Thread-297" [_thread_blocked, id=44900]
  0x4b49f400 JavaThread "Thread-296" [_thread_blocked, id=61844]
  0x4b49a800 JavaThread "Thread-295" [_thread_blocked, id=67476]
  0x4b49f800 JavaThread "Thread-294" [_thread_blocked, id=57616]
  0x4b4a1400 JavaThread "Thread-293" [_thread_blocked, id=42864]
  0x4b49d000 JavaThread "Thread-292" [_thread_blocked, id=2720]
  0x4b49ec00 JavaThread "Thread-291" [_thread_blocked, id=68600]
  0x4b4a0400 JavaThread "Thread-290" [_thread_blocked, id=40248]
  0x4b49b400 JavaThread "Thread-289" [_thread_blocked, id=25760]
  0x4b4a0800 JavaThread "Thread-288" [_thread_blocked, id=29208]
  0x4b49fc00 JavaThread "Thread-287" [_thread_blocked, id=6008]
  0x4b49a000 JavaThread "Thread-286" [_thread_blocked, id=62976]
  0x4b49b800 JavaThread "Thread-285" [_thread_blocked, id=63332]
  0x4b460400 JavaThread "Thread-284" [_thread_blocked, id=39588]
  0x4b45ec00 JavaThread "Thread-283" [_thread_blocked, id=36324]
  0x4b45e800 JavaThread "Thread-282" [_thread_blocked, id=9576]
  0x4b45e000 JavaThread "Thread-281" [_thread_blocked, id=66528]
  0x4b45dc00 JavaThread "Thread-280" [_thread_blocked, id=48252]
  0x4b45f800 JavaThread "Thread-279" [_thread_blocked, id=59528]
  0x4b45d400 JavaThread "Thread-278" [_thread_blocked, id=70188]
  0x4b45fc00 JavaThread "Thread-277" [_thread_blocked, id=68384]
  0x4b45c800 JavaThread "Thread-276" [_thread_blocked, id=27452]
  0x4b45d000 JavaThread "Thread-275" [_thread_blocked, id=43204]
  0x4b460800 JavaThread "Thread-274" [_thread_blocked, id=36884]
  0x4b45f000 JavaThread "Thread-273" [_thread_blocked, id=63964]
  0x4b45c400 JavaThread "Thread-272" [_thread_blocked, id=18848]
  0x4b45b800 JavaThread "Thread-271" [_thread_blocked, id=24276]
  0x4b45bc00 JavaThread "Thread-270" [_thread_blocked, id=11476]
  0x4b45b400 JavaThread "Thread-269" [_thread_blocked, id=19404]
  0x4b45ac00 JavaThread "Thread-268" [_thread_blocked, id=10360]
  0x4b45a800 JavaThread "Thread-267" [_thread_blocked, id=68112]
  0x4b45a000 JavaThread "Thread-266" [_thread_blocked, id=48272]
  0x4b459c00 JavaThread "Thread-265" [_thread_blocked, id=36460]
  0x4b459400 JavaThread "Thread-264" [_thread_blocked, id=11808]
  0x4b451800 JavaThread "Thread-263" [_thread_blocked, id=40112]
  0x4b459000 JavaThread "Thread-262" [_thread_blocked, id=72116]
  0x4b451000 JavaThread "Thread-261" [_thread_blocked, id=61104]
  0x4b458800 JavaThread "Thread-260" [_thread_blocked, id=41176]
  0x4b454400 JavaThread "Thread-259" [_thread_blocked, id=6580]
  0x4b458400 JavaThread "Thread-258" [_thread_blocked, id=46616]
  0x4b453400 JavaThread "Thread-257" [_thread_blocked, id=54084]
  0x4b455c00 JavaThread "Thread-256" [_thread_blocked, id=62172]
  0x4b452c00 JavaThread "Thread-255" [_thread_blocked, id=18804]
  0x4b455400 JavaThread "Thread-254" [_thread_blocked, id=39196]
  0x4b457400 JavaThread "Thread-253" [_thread_blocked, id=5620]
  0x4b456c00 JavaThread "Thread-252" [_thread_blocked, id=32840]
  0x4b454c00 JavaThread "Thread-251" [_thread_blocked, id=46592]
  0x4b456800 JavaThread "Thread-250" [_thread_blocked, id=72764]
  0x4b452800 JavaThread "Thread-249" [_thread_blocked, id=70536]
  0x4b454000 JavaThread "Thread-248" [_thread_blocked, id=18840]
  0x4b455000 JavaThread "Thread-247" [_thread_blocked, id=55060]
  0x4b458000 JavaThread "Thread-246" [_thread_blocked, id=19440]
  0x4b452000 JavaThread "Thread-245" [_thread_blocked, id=18220]
  0x4b456000 JavaThread "Thread-244" [_thread_blocked, id=10396]
  0x4b451c00 JavaThread "Thread-243" [_thread_blocked, id=46352]
  0x4b453800 JavaThread "Thread-242" [_thread_blocked, id=47516]
  0x4b457800 JavaThread "Thread-241" [_thread_blocked, id=13540]
  0x4b430400 JavaThread "Thread-240" [_thread_blocked, id=65252]
  0x4b42fc00 JavaThread "Thread-239" [_thread_blocked, id=54120]
  0x4b42f800 JavaThread "Thread-238" [_thread_blocked, id=35356]
  0x4b42f000 JavaThread "Thread-237" [_thread_blocked, id=66176]
  0x4b42e000 JavaThread "Thread-236" [_thread_blocked, id=35100]
  0x4b42d400 JavaThread "Thread-235" [_thread_blocked, id=7752]
  0x4b42dc00 JavaThread "Thread-234" [_thread_blocked, id=74024]
  0x4b42e800 JavaThread "Thread-233" [_thread_blocked, id=8436]
  0x4b42d000 JavaThread "Thread-232" [_thread_blocked, id=42452]
  0x4b42ec00 JavaThread "Thread-231" [_thread_blocked, id=29668]
  0x4b425000 JavaThread "Thread-230" [_thread_blocked, id=35544]
  0x4b42c800 JavaThread "Thread-229" [_thread_blocked, id=60124]
  0x4b42c400 JavaThread "Thread-228" [_thread_blocked, id=5324]
  0x4b42ac00 JavaThread "Thread-227" [_thread_blocked, id=62700]
  0x4b429400 JavaThread "Thread-226" [_thread_blocked, id=13436]
  0x4b428800 JavaThread "Thread-225" [_thread_blocked, id=38804]
  0x4b429000 JavaThread "Thread-224" [_thread_blocked, id=70632]
  0x4b426800 JavaThread "Thread-223" [_thread_blocked, id=43272]
  0x4b428000 JavaThread "Thread-222" [_thread_blocked, id=3968]
  0x4b42a800 JavaThread "Thread-221" [_thread_blocked, id=11908]
  0x4b427800 JavaThread "Thread-220" [_thread_blocked, id=17764]
  0x4b429c00 JavaThread "Thread-219" [_thread_blocked, id=1728]
  0x4b42bc00 JavaThread "Thread-218" [_thread_blocked, id=3640]
  0x4b426000 JavaThread "Thread-217" [_thread_blocked, id=55336]
  0x4b427400 JavaThread "Thread-216" [_thread_blocked, id=12472]
  0x4b42a000 JavaThread "Thread-215" [_thread_blocked, id=36040]
  0x4b42b800 JavaThread "Thread-214" [_thread_blocked, id=45016]
  0x4b428400 JavaThread "Thread-213" [_thread_blocked, id=15428]
  0x4b425c00 JavaThread "Thread-212" [_thread_blocked, id=12476]
  0x4b425400 JavaThread "Thread-211" [_thread_blocked, id=33360]
  0x4b42b400 JavaThread "Thread-210" [_thread_blocked, id=65632]
  0x4b426c00 JavaThread "Thread-209" [_thread_blocked, id=37880]
  0x4b433800 JavaThread "Thread-208" [_thread_blocked, id=16292]
  0x4b432c00 JavaThread "Thread-207" [_thread_blocked, id=73304]
  0x4b432800 JavaThread "Thread-206" [_thread_blocked, id=15452]
  0x4b432000 JavaThread "Thread-205" [_thread_blocked, id=21404]
  0x4b431400 JavaThread "Thread-204" [_thread_blocked, id=68304]
  0x4b433000 JavaThread "Thread-203" [_thread_blocked, id=60552]
  0x4b430800 JavaThread "Thread-202" [_thread_blocked, id=64888]
  0x4b434800 JavaThread "Thread-201" [_thread_blocked, id=32900]
  0x4b434400 JavaThread "Thread-200" [_thread_blocked, id=22772]
  0x4b431c00 JavaThread "Thread-199" [_thread_blocked, id=43936]
  0x4b433c00 JavaThread "Thread-198" [_thread_blocked, id=39640]
  0x4b431000 JavaThread "Thread-197" [_thread_blocked, id=27120]
  0x4b40f400 JavaThread "Thread-196" [_thread_blocked, id=35176]
  0x4b40e400 JavaThread "Thread-195" [_thread_blocked, id=72904]
  0x4b40d000 JavaThread "Thread-194" [_thread_blocked, id=18720]
  0x4b40dc00 JavaThread "Thread-193" [_thread_blocked, id=31812]
  0x4b40c400 JavaThread "Thread-192" [_thread_blocked, id=37928]
  0x4b40b400 JavaThread "Thread-191" [_thread_blocked, id=10548]
  0x4b409000 JavaThread "Thread-190" [_thread_blocked, id=1396]
  0x4b409c00 JavaThread "Thread-189" [_thread_blocked, id=14724]
  0x4b408400 JavaThread "Thread-188" [_thread_blocked, id=72132]
  0x4b408c00 JavaThread "Thread-187" [_thread_blocked, id=26936]
  0x4b409800 JavaThread "Thread-186" [_thread_blocked, id=49020]
  0x4b408000 JavaThread "Thread-185" [_thread_blocked, id=72940]
  0x4b40d800 JavaThread "Thread-184" [_thread_blocked, id=24312]
  0x4b40a400 JavaThread "Thread-183" [_thread_blocked, id=34800]
  0x4b40f800 JavaThread "Thread-182" [_thread_blocked, id=72304]
  0x4b40c000 JavaThread "Thread-181" [_thread_blocked, id=5692]
  0x4b40b000 JavaThread "Thread-180" [_thread_blocked, id=26500]
  0x4b40ec00 JavaThread "Thread-179" [_thread_blocked, id=38456]
  0x4b40b800 JavaThread "Thread-178" [_thread_blocked, id=72232]
  0x4b40a800 JavaThread "Thread-177" [_thread_blocked, id=20720]
  0x4b40cc00 JavaThread "Thread-176" [_thread_blocked, id=48868]
  0x4b40e800 JavaThread "Thread-175" [_thread_blocked, id=65208]
  0x4b3ff800 JavaThread "Thread-174" [_thread_blocked, id=13472]
  0x4b3fec00 JavaThread "Thread-173" [_thread_blocked, id=16400]
  0x4b3fe800 JavaThread "Thread-172" [_thread_blocked, id=1108]
  0x4b3fac00 JavaThread "Thread-171" [_thread_blocked, id=21552]
  0x4b3fb800 JavaThread "Thread-170" [_thread_blocked, id=20624]
  0x4b3f9400 JavaThread "Thread-169" [_thread_blocked, id=41924]
  0x4b3f9c00 JavaThread "Thread-168" [_thread_blocked, id=35268]
  0x4b3fa800 JavaThread "Thread-167" [_thread_blocked, id=67016]
  0x4b3f9000 JavaThread "Thread-166" [_thread_blocked, id=44432]
  0x4b3fc000 JavaThread "Thread-165" [_thread_blocked, id=33944]
  0x4b3fe000 JavaThread "Thread-164" [_thread_blocked, id=34456]
  0x4b400800 JavaThread "Thread-163" [_thread_blocked, id=16032]
  0x4b3ff400 JavaThread "Thread-162" [_thread_blocked, id=45068]
  0x4b3fd400 JavaThread "Thread-161" [_thread_blocked, id=72928]
  0x4b3fdc00 JavaThread "Thread-160" [_thread_blocked, id=41540]
  0x4b3fc800 JavaThread "Thread-159" [_thread_blocked, id=21648]
  0x4b400400 JavaThread "Thread-158" [_thread_blocked, id=40064]
  0x4b3fa000 JavaThread "Thread-157" [_thread_blocked, id=34900]
  0x4b3fd000 JavaThread "Thread-156" [_thread_blocked, id=30440]
  0x4b3ffc00 JavaThread "Thread-155" [_thread_blocked, id=59452]
  0x4b3fc400 JavaThread "Thread-154" [_thread_blocked, id=22884]
  0x4b3fb400 JavaThread "Thread-153" [_thread_blocked, id=37460]
  0x4b3e2800 JavaThread "Thread-152" [_thread_blocked, id=29428]
  0x4b3e1c00 JavaThread "Thread-151" [_thread_blocked, id=25068]
  0x4b3e3800 JavaThread "Thread-150" [_thread_blocked, id=5128]
  0x4b3e1400 JavaThread "Thread-149" [_thread_blocked, id=9200]
  0x4b3e3c00 JavaThread "Thread-148" [_thread_blocked, id=38716]
  0x4b3e1000 JavaThread "Thread-147" [_thread_blocked, id=38324]
  0x4b3e2000 JavaThread "Thread-146" [_thread_blocked, id=47400]
  0x4b3e7c00 JavaThread "Thread-145" [_thread_blocked, id=58680]
  0x4b3e6800 JavaThread "Thread-144" [_thread_blocked, id=27968]
  0x4b3e3400 JavaThread "Thread-143" [_thread_blocked, id=71484]
  0x4b3e5c00 JavaThread "Thread-142" [_thread_blocked, id=30080]
  0x4b3e7000 JavaThread "Thread-141" [_thread_blocked, id=3916]
  0x4b3e8400 JavaThread "Thread-140" [_thread_blocked, id=69600]
  0x4b3e2c00 JavaThread "Thread-139" [_thread_blocked, id=40084]
  0x4b3e6000 JavaThread "Thread-138" [_thread_blocked, id=18784]
  0x4b3e5400 JavaThread "Thread-137" [_thread_blocked, id=45984]
  0x4b3e5000 JavaThread "Thread-136" [_thread_blocked, id=54464]
  0x4b3e7800 JavaThread "Thread-135" [_thread_blocked, id=18200]
  0x4b3e8800 JavaThread "Thread-134" [_thread_blocked, id=36928]
  0x4b3e4800 JavaThread "Thread-133" [_thread_blocked, id=49444]
  0x4b3e6c00 JavaThread "Thread-132" [_thread_blocked, id=74448]
  0x4b3e4400 JavaThread "Thread-131" [_thread_blocked, id=72460]
  0x4b387000 JavaThread "Thread-130" [_thread_blocked, id=16276]
  0x4b38b000 JavaThread "Thread-129" [_thread_blocked, id=57312]
  0x4b38a400 JavaThread "Thread-128" [_thread_blocked, id=10940]
  0x4b386c00 JavaThread "Thread-127" [_thread_blocked, id=34720]
  0x4b388000 JavaThread "Thread-126" [_thread_blocked, id=24004]
  0x4b38a000 JavaThread "Thread-125" [_thread_blocked, id=70692]
  0x4b385800 JavaThread "Thread-124" [_thread_blocked, id=69000]
  0x4b386000 JavaThread "Thread-123" [_thread_blocked, id=51684]
  0x4b385400 JavaThread "Thread-122" [_thread_blocked, id=14624]
  0x4b389800 JavaThread "Thread-121" [_thread_blocked, id=9356]
  0x4b384000 JavaThread "Thread-120" [_thread_blocked, id=33400]
  0x4b386400 JavaThread "Thread-119" [_thread_blocked, id=30456]
  0x4b384c00 JavaThread "Thread-118" [_thread_blocked, id=72248]
  0x4b387400 JavaThread "Thread-117" [_thread_blocked, id=44336]
  0x4b38ac00 JavaThread "Thread-116" [_thread_blocked, id=36756]
  0x4b383c00 JavaThread "Thread-115" [_thread_blocked, id=68596]
  0x4b387c00 JavaThread "Thread-114" [_thread_blocked, id=5900]
  0x4b384800 JavaThread "Thread-113" [_thread_blocked, id=36984]
  0x4b389400 JavaThread "Thread-112" [_thread_blocked, id=16928]
  0x4b388800 JavaThread "Thread-111" [_thread_blocked, id=36952]
  0x4b383800 JavaThread "Thread-110" [_thread_blocked, id=23344]
  0x4b388c00 JavaThread "Thread-109" [_thread_blocked, id=28988]
  0x4b36bc00 JavaThread "Thread-108" [_thread_blocked, id=67252]
  0x4b36a400 JavaThread "Thread-107" [_thread_blocked, id=30244]
  0x4b36a800 JavaThread "Thread-106" [_thread_blocked, id=69036]
  0x4b369c00 JavaThread "Thread-105" [_thread_blocked, id=46676]
  0x4b369800 JavaThread "Thread-104" [_thread_blocked, id=8124]
  0x4b36b400 JavaThread "Thread-103" [_thread_blocked, id=69392]
  0x4b369400 JavaThread "Thread-102" [_thread_blocked, id=41916]
  0x4b368800 JavaThread "Thread-101" [_thread_blocked, id=37336]
  0x4b36c000 JavaThread "Thread-100" [_thread_blocked, id=40720]
  0x4b366800 JavaThread "Thread-99" [_thread_blocked, id=10420]
  0x4b368c00 JavaThread "Thread-98" [_thread_blocked, id=1744]
  0x4b367400 JavaThread "Thread-97" [_thread_blocked, id=45244]
  0x4b368000 JavaThread "Thread-96" [_thread_blocked, id=44972]
  0x4b366400 JavaThread "Thread-95" [_thread_blocked, id=51276]
  0x4b365c00 JavaThread "Thread-94" [_thread_blocked, id=6596]
  0x4b367c00 JavaThread "Thread-93" [_thread_blocked, id=44196]
  0x4b36cc00 JavaThread "Thread-92" [_thread_blocked, id=21128]
  0x4b365800 JavaThread "Thread-91" [_thread_blocked, id=26236]
  0x4b36c800 JavaThread "Thread-90" [_thread_blocked, id=28612]
  0x4b36d000 JavaThread "Thread-89" [_thread_blocked, id=30904]
  0x4b367000 JavaThread "Thread-88" [_thread_blocked, id=66556]
  0x4b36b000 JavaThread "Thread-87" [_thread_blocked, id=19688]
  0x4b352c00 JavaThread "Thread-86" [_thread_blocked, id=66416]
  0x4b352400 JavaThread "Thread-85" [_thread_blocked, id=39492]
  0x4b352000 JavaThread "Thread-84" [_thread_blocked, id=14240]
  0x4b351800 JavaThread "Thread-83" [_thread_blocked, id=70024]
  0x4b351400 JavaThread "Thread-82" [_thread_blocked, id=10016]
  0x4b358000 JavaThread "Thread-81" [_thread_blocked, id=71000]
  0x4b357000 JavaThread "Thread-80" [_thread_blocked, id=51584]
  0x4b354800 JavaThread "Thread-79" [_thread_blocked, id=52788]
  0x4b357c00 JavaThread "Thread-78" [_thread_blocked, id=47188]
  0x4b354400 JavaThread "Thread-77" [_thread_blocked, id=22272]
  0x4b353c00 JavaThread "Thread-76" [_thread_blocked, id=11956]
  0x4b353000 JavaThread "Thread-75" [_thread_blocked, id=47832]
  0x4b356c00 JavaThread "Thread-74" [_thread_blocked, id=17736]
  0x4b351000 JavaThread "Thread-73" [_thread_blocked, id=24484]
  0x4b356400 JavaThread "Thread-72" [_thread_blocked, id=39684]
  0x4b354c00 JavaThread "Thread-71" [_thread_blocked, id=51112]
  0x4b350800 JavaThread "Thread-70" [_thread_blocked, id=984]
  0x4b355400 JavaThread "Thread-69" [_thread_blocked, id=65704]
  0x4b357800 JavaThread "Thread-68" [_thread_blocked, id=25004]
  0x4b355800 JavaThread "Thread-67" [_thread_blocked, id=17144]
  0x4b356000 JavaThread "Thread-66" [_thread_blocked, id=48656]
  0x4b353800 JavaThread "Thread-65" [_thread_blocked, id=69708]
  0x4b33f400 JavaThread "Thread-64" [_thread_blocked, id=3024]
  0x4b33e800 JavaThread "Thread-63" [_thread_blocked, id=8404]
  0x4b343400 JavaThread "Thread-62" [_thread_blocked, id=34916]
  0x4b33d000 JavaThread "Thread-61" [_thread_blocked, id=6360]
  0x4b342800 JavaThread "Thread-60" [_thread_blocked, id=63000]
  0x4b341800 JavaThread "Thread-59" [_thread_blocked, id=39480]
  0x4b341000 JavaThread "Thread-58" [_thread_blocked, id=72228]
  0x4b340000 JavaThread "Thread-57" [_thread_blocked, id=35908]
  0x4b33f800 JavaThread "Thread-56" [_thread_blocked, id=41000]
  0x4b340c00 JavaThread "Thread-55" [_thread_blocked, id=36796]
  0x4b340400 JavaThread "Thread-54" [_thread_blocked, id=2540]
  0x4b33d800 JavaThread "Thread-53" [_thread_blocked, id=29020]
  0x4b33cc00 JavaThread "Thread-52" [_thread_blocked, id=22576]
  0x4b341c00 JavaThread "Thread-51" [_thread_blocked, id=61156]
  0x4b342400 JavaThread "Thread-50" [_thread_blocked, id=28368]
  0x4b33c400 JavaThread "Thread-49" [_thread_blocked, id=70992]
  0x4b33c000 JavaThread "Thread-48" [_thread_blocked, id=5536]
  0x4b33e400 JavaThread "Thread-47" [_thread_blocked, id=28508]
  0x4b342c00 JavaThread "Thread-46" [_thread_blocked, id=40148]
  0x4b343800 JavaThread "Thread-45" [_thread_blocked, id=13172]
  0x4b33f000 JavaThread "Thread-44" [_thread_blocked, id=12888]
  0x4b33dc00 JavaThread "Thread-43" [_thread_blocked, id=60448]
  0x4b325400 JavaThread "Thread-42" [_thread_blocked, id=72564]
  0x4b324800 JavaThread "Thread-41" [_thread_blocked, id=59268]
  0x4b324000 JavaThread "Thread-40" [_thread_blocked, id=64424]
  0x4b323400 JavaThread "Thread-39" [_thread_blocked, id=67868]
  0x4b320c00 JavaThread "Thread-38" [_thread_blocked, id=11880]
  0x4b320000 JavaThread "Thread-37" [_thread_blocked, id=2912]
  0x4b31fc00 JavaThread "Thread-36" [_thread_blocked, id=61648]
  0x4b323000 JavaThread "Thread-35" [_thread_blocked, id=46340]
  0x4b327000 JavaThread "Thread-34" [_thread_blocked, id=10272]
  0x4b326400 JavaThread "Thread-33" [_thread_blocked, id=56936]
  0x4b326800 JavaThread "Thread-32" [_thread_blocked, id=25240]
  0x4b325800 JavaThread "Thread-31" [_thread_blocked, id=70584]
  0x4b321400 JavaThread "Thread-30" [_thread_blocked, id=9504]
  0x4b31f800 JavaThread "Thread-29" [_thread_blocked, id=10436]
  0x4b326000 JavaThread "Thread-28" [_thread_blocked, id=40936]
  0x4b322400 JavaThread "Thread-27" [_thread_blocked, id=71196]
  0x4b322000 JavaThread "Thread-26" [_thread_blocked, id=21880]
  0x4b324c00 JavaThread "Thread-25" [_thread_blocked, id=67424]
  0x4b323c00 JavaThread "Thread-24" [_thread_blocked, id=44500]
  0x4b321800 JavaThread "Thread-23" [_thread_blocked, id=38356]
  0x4b322c00 JavaThread "Thread-22" [_thread_blocked, id=44804]
  0x4b320800 JavaThread "Thread-21" [_thread_blocked, id=48696]
  0x4b310c00 JavaThread "Thread-20" [_thread_blocked, id=30108]
  0x4b310800 JavaThread "Thread-19" [_thread_blocked, id=49404]
  0x4b310400 JavaThread "Thread-18" [_thread_blocked, id=45248]
  0x4b313000 JavaThread "Thread-17" [_thread_blocked, id=33008]
  0x4b313c00 JavaThread "Thread-16" [_thread_blocked, id=29724]
  0x4b312c00 JavaThread "Thread-15" [_thread_blocked, id=17628]
  0x4b312000 JavaThread "Thread-14" [_thread_blocked, id=32120]
  0x4b311800 JavaThread "Thread-13" [_thread_blocked, id=65844]
  0x4b311400 JavaThread "Thread-12" [_thread_blocked, id=53252]
  0x4b313800 JavaThread "Thread-11" [_thread_blocked, id=17688]
  0x4b312400 JavaThread "Thread-10" [_thread_blocked, id=66312]
  0x4aefb400 JavaThread "Thread-9" [_thread_blocked, id=65796]
  0x4aefac00 JavaThread "Thread-8" [_thread_blocked, id=16968]
  0x4aefa800 JavaThread "Thread-7" [_thread_blocked, id=7172]
  0x4aefa000 JavaThread "Thread-6" [_thread_blocked, id=60096]
  0x4b215400 JavaThread "Thread-5" [_thread_blocked, id=33776]
  0x4b215000 JavaThread "Thread-4" [_thread_blocked, id=26060]
  0x4b305000 JavaThread "Thread-3" [_thread_blocked, id=53796]
  0x4b304c00 JavaThread "Thread-2" [_thread_blocked, id=24824]
  0x4b216000 JavaThread "Thread-1" [_thread_blocked, id=69452]
  0x4b216800 JavaThread "Monitor Ctrl-Break" daemon [_thread_in_native, id=39192]
  0x023e2c00 JavaThread "Low Memory Detector" daemon [_thread_blocked, id=31320]
  0x023df000 JavaThread "CompilerThread0" daemon [_thread_blocked, id=27764]
  0x023de800 JavaThread "Attach Listener" daemon [_thread_blocked, id=16144]
  0x023de000 JavaThread "Signal Dispatcher" daemon [_thread_blocked, id=52096]
  0x023b3c00 JavaThread "Finalizer" daemon [_thread_blocked, id=71252]
  0x023af000 JavaThread "Reference Handler" daemon [_thread_blocked, id=55012]

Other Threads:
=>0x023ab000 VMThread [id=3772]
  0x023ebc00 WatcherThread [id=31116]

VM state:at safepoint (normal execution)

VM Mutex/Monitor currently owned by a thread:  ([mutex/lock_event])
[0x007bed40/0x000001b4] Threads_lock - owner thread: 0x023ab000
[0x007be6d0/0x000001f4] Heap_lock - owner thread: 0x5fa23800

Heap
 def new generation   total 45568K, used 3664K [0x044b0000, 0x07620000, 0x09370000)
  eden space 40512K,   0% used [0x044b0000, 0x044b0000, 0x06c40000)
  from space 5056K,  72% used [0x07130000, 0x074c4300, 0x07620000)
  to   space 5056K,   0% used [0x06c40000, 0x06c40000, 0x07130000)
 tenured generation   total 563632K, used 563512K [0x09370000, 0x2b9dc000, 0x444b0000)
   the space 563632K,  99% used [0x09370000, 0x2b9be250, 0x2b9be400, 0x2b9dc000)
 compacting perm gen  total 12288K, used 8390K [0x444b0000, 0x450b0000, 0x484b0000)
   the space 12288K,  68% used [0x444b0000, 0x44ce1a78, 0x44ce1c00, 0x450b0000)
No shared spaces configured.

Dynamic libraries:
0x00400000 - 0x00423000 	F:\Java\jdk1.6.0\bin\java.exe
0x77e00000 - 0x77f83000 	C:\WINDOWS\SYSTEM32\ntdll.dll
0x76d60000 - 0x76e40000 	C:\WINDOWS\System32\KERNEL32.DLL
0x770d0000 - 0x77271000 	C:\WINDOWS\System32\KERNELBASE.dll
0x74600000 - 0x74692000 	C:\WINDOWS\system32\apphelp.dll
0x74fb0000 - 0x75027000 	C:\WINDOWS\System32\ADVAPI32.dll
0x75190000 - 0x7524e000 	C:\WINDOWS\System32\msvcrt.dll
0x77960000 - 0x779a1000 	C:\WINDOWS\System32\sechost.dll
0x77510000 - 0x775d1000 	C:\WINDOWS\System32\RPCRT4.dll
0x746b0000 - 0x746ce000 	C:\WINDOWS\System32\SspiCli.dll
0x746a0000 - 0x746aa000 	C:\WINDOWS\System32\CRYPTBASE.dll
0x746d0000 - 0x7472a000 	C:\WINDOWS\System32\bcryptPrimitives.dll
0x7c340000 - 0x7c396000 	F:\Java\jdk1.6.0\jre\bin\msvcr71.dll
0x6d7c0000 - 0x6da07000 	F:\Java\jdk1.6.0\jre\bin\client\jvm.dll
0x75030000 - 0x7518f000 	C:\WINDOWS\System32\USER32.dll
0x770a0000 - 0x770b5000 	C:\WINDOWS\System32\win32u.dll
0x775e0000 - 0x7760b000 	C:\WINDOWS\System32\GDI32.dll
0x74880000 - 0x749db000 	C:\WINDOWS\System32\gdi32full.dll
0x76e40000 - 0x76e64000 	C:\WINDOWS\System32\WINMM.dll
0x779e0000 - 0x77a03000 	C:\WINDOWS\System32\WINMMBASE.dll
0x774d0000 - 0x77506000 	C:\WINDOWS\System32\cfgmgr32.dll
0x779b0000 - 0x779d5000 	C:\WINDOWS\System32\IMM32.DLL
0x6d310000 - 0x6d318000 	F:\Java\jdk1.6.0\jre\bin\hpi.dll
0x77be0000 - 0x77be6000 	C:\WINDOWS\System32\PSAPI.DLL
0x6d770000 - 0x6d77c000 	F:\Java\jdk1.6.0\jre\bin\verify.dll
0x6d3b0000 - 0x6d3cf000 	F:\Java\jdk1.6.0\jre\bin\java.dll
0x6d7b0000 - 0x6d7bf000 	F:\Java\jdk1.6.0\jre\bin\zip.dll
0x007a0000 - 0x007a7000 	F:\IntelliJ IDEA\bin\breakgen.dll
0x6d570000 - 0x6d583000 	F:\Java\jdk1.6.0\jre\bin\net.dll
0x74730000 - 0x74793000 	C:\WINDOWS\System32\WS2_32.dll
0x73470000 - 0x734be000 	C:\WINDOWS\system32\mswsock.dll

VM Arguments:
jvm_args: -Xmx1024m -Didea.launcher.port=7547 -Didea.launcher.bin.path=F:\IntelliJ IDEA\bin -Dfile.encoding=GBK
java_command: com.intellij.rt.execution.application.AppMain com.tmri.rfid.service.TestThread
Launcher Type: SUN_STANDARD

Environment Variables:
JAVA_HOME=C:\Program Files\Java\jdk1.8.0_20
CLASSPATH=C:\Program Files\Java\jdk1.8.0_20\lib\dt.jar;C:\Program Files\Java\jdk1.8.0_20\lib\tools.jar;
PATH=C:\ProgramData\Oracle\Java\javapath;D:\oracle\product\10.2.0\db_1\bin;C:\Program Files (x86)\Lenovo\FusionEngine;C:\Program Files (x86)\Intel\iCLS Client\;C:\Program Files\Intel\iCLS Client\;C:\windows\system32;C:\windows;C:\windows\System32\Wbem;C:\windows\System32\WindowsPowerShell\v1.0\;C:\Program Files\Intel\Intel(R) Management Engine Components\DAL;C:\Program Files\Intel\Intel(R) Management Engine Components\IPT;C:\Program Files (x86)\Intel\Intel(R) Management Engine Components\DAL;C:\Program Files (x86)\Intel\Intel(R) Management Engine Components\IPT;C:\Program Files\Lenovo\Bluetooth Software\;C:\Program Files\Lenovo\Bluetooth Software\syswow64;C:\Program Files (x86)\iFLYTEK\VoiceAssistant\SpeechPlusRuntime;C:\Program Files (x86)\Lenovo\Voice SDK;F:\Git\cmd;F:\Torsise\bin;F:\Rational\common;C:\Program Files (x86)\NVIDIA Corporation\PhysX\Common;C:\WINDOWS\system32;C:\WINDOWS;C:\WINDOWS\System32\Wbem;C:\WINDOWS\System32\WindowsPowerShell\v1.0\;C:\TortoiseSVN\bin;C:\Program Files\Java\jdk1.8.0_20\bin;C:\Program Files\Java\jdk1.8.0_20\jre\bin;F:\nodejs\;F:\Redis\;F:\wuxi\gradle-2.4-all\gradle-2.4\BIN;C:\Users\wuweihong\AppData\Roaming\npm;USERPROFILE\AppData\Local\Microsoft\WindowsApps;
USERNAME=wuweihong
OS=Windows_NT
PROCESSOR_IDENTIFIER=Intel64 Family 6 Model 60 Stepping 3, GenuineIntel



---------------  S Y S T E M  ---------------

OS: Windows NT 6.2 Build 9200 

CPU:total 4 family 6, cmov, cx8, fxsr, mmx, sse, sse2

Memory: 4k page, physical 2097151k(2097151k free), swap 4194303k(4194303k free)

vm_info: Java HotSpot(TM) Client VM (1.6.0-b105) for windows-x86, built on Nov 29 2006 00:48:48 by "java_re" with unknown MS VC++:1310

